15:43:43.461 [main] INFO  testCase.TC_003_CorporateHealthAndWellness_InvalidDetails - Invalid Email-Id Entered
15:43:43.889 [main] INFO  testCase.TC_003_CorporateHealthAndWellness_InvalidDetails - Selected Organizantion's Size from Dropdown
15:43:44.226 [main] INFO  testCase.TC_003_CorporateHealthAndWellness_InvalidDetails - Selected Interested-In from Dropdown
15:43:44.287 [main] INFO  testCase.TC_003_CorporateHealthAndWellness_InvalidDetails - Schedule button is disabled
15:43:44.287 [main] INFO  testCase.TC_003_CorporateHealthAndWellness_InvalidDetails - ***** Ending TC_003_CorporateHealthAndWellness_InvalidDetails *****
15:44:04.902 [main] INFO  testCase.TC_004_CorporateHealthAndWellness_ValidDetails - ***** Starting TC_004_CorporateHealthAndWellness_ValidDetails *****
15:44:05.105 [main] INFO  testCase.TC_004_CorporateHealthAndWellness_ValidDetails - Clicked On Corporates
15:44:32.154 [main] INFO  testCase.TC_004_CorporateHealthAndWellness_ValidDetails - Clicked On Health And Wellness Plans Option
15:44:32.200 [main] INFO  testCase.TC_004_CorporateHealthAndWellness_ValidDetails - Scrolled down
15:44:32.840 [main] INFO  testCase.TC_004_CorporateHealthAndWellness_ValidDetails - Name Entered
15:44:33.315 [main] INFO  testCase.TC_004_CorporateHealthAndWellness_ValidDetails - Organization Name Entered
15:44:33.642 [main] INFO  testCase.TC_004_CorporateHealthAndWellness_ValidDetails - Contact Number Entered
15:44:34.033 [main] INFO  testCase.TC_004_CorporateHealthAndWellness_ValidDetails - Valid Email-Id Entered
15:44:34.480 [main] INFO  testCase.TC_004_CorporateHealthAndWellness_ValidDetails - Selected Organizantion's Size from Dropdown
15:44:34.837 [main] INFO  testCase.TC_004_CorporateHealthAndWellness_ValidDetails - Selected Interested-In from Dropdown
15:44:35.190 [main] INFO  testCase.TC_004_CorporateHealthAndWellness_ValidDetails - Clicked On Schedule button 
15:44:50.613 [main] INFO  testCase.TC_004_CorporateHealthAndWellness_ValidDetails - Captured ScreenShot of Thank You Pop-Up
15:44:50.614 [main] INFO  testCase.TC_004_CorporateHealthAndWellness_ValidDetails - Validating expected THANK YOU Message
15:44:50.712 [main] INFO  testCase.TC_004_CorporateHealthAndWellness_ValidDetails - THANK YOU Message Validated
15:44:50.713 [main] INFO  testCase.TC_004_CorporateHealthAndWellness_ValidDetails - Printed Thankyou Text in console 
15:44:50.802 [main] INFO  testCase.TC_004_CorporateHealthAndWellness_ValidDetails - Printed Thankyou Paragraph in console 
15:44:50.802 [main] INFO  testCase.TC_004_CorporateHealthAndWellness_ValidDetails - ***** Ending TC_004_CorporateHealthAndWellness_ValidDetails *****
